nohup: ignoring input

> business-management-system@1.0.0 start
> react-scripts start

(node:4057850) [DEP_WEBPACK_DEV_SERVER_ON_AFTER_SETUP_MIDDLEWARE] DeprecationWarning: 'onAfterSetupMiddleware' option is deprecated. Please use the 'setupMiddlewares' option.
(Use `node --trace-deprecation ...` to show where the warning was created)
(node:4057850) [DEP_WEBPACK_DEV_SERVER_ON_BEFORE_SETUP_MIDDLEWARE] DeprecationWarning: 'onBeforeSetupMiddleware' option is deprecated. Please use the 'setupMiddlewares' option.
Starting the development server...

Compiled successfully!

You can now view business-management-system in the browser.

  Local:            http://localhost:9526
  On Your Network:  http://10.162.0.184:9526

Note that the development build is not optimized.
To create a production build, use npm run build.

webpack compiled successfully
npm ERR! path /nfs/stak/users/chenwenb/nodeBlitz
npm ERR! command failed
npm ERR! signal SIGHUP
npm ERR! command sh -c -- react-scripts start

npm ERR! A complete log of this run can be found in:
npm ERR!     /nfs/stak/users/chenwenb/.npm/_logs/2025-08-01T06_44_40_118Z-debug-0.log
